{"C:\\Users\\yaros\\OneDrive\\Desktop\\Pet Projects\\FromBoardDeliveryPet\\my-react-app\\src\\vite-env.d.ts": {"path":"C:\\Users\\yaros\\OneDrive\\Desktop\\Pet Projects\\FromBoardDeliveryPet\\my-react-app\\src\\vite-env.d.ts","all":true,"statementMap":{"0":{"start":{"line":1,"column":0},"end":{"line":1,"column":37}}},"s":{"0":0},"branchMap":{"0":{"type":"branch","line":1,"loc":{"start":{"line":1,"column":0},"end":{"line":1,"column":37}},"locations":[{"start":{"line":1,"column":0},"end":{"line":1,"column":37}}]}},"b":{"0":[0]},"fnMap":{"0":{"name":"(empty-report)","decl":{"start":{"line":1,"column":0},"end":{"line":1,"column":37}},"loc":{"start":{"line":1,"column":0},"end":{"line":1,"column":37}},"line":1}},"f":{"0":0}}
}
